[debug] [2019-10-11T07:41:33.394Z] ----------------------------------------------------------------------
[debug] [2019-10-11T07:41:33.396Z] Command:       C:\Program Files\nodejs\node.exe C:\Users\bryuk\AppData\Local\Yarn\Data\global\node_modules\firebase-tools\lib\bin\firebase.js init
[debug] [2019-10-11T07:41:33.396Z] CLI Version:   7.5.0
[debug] [2019-10-11T07:41:33.396Z] Platform:      win32
[debug] [2019-10-11T07:41:33.396Z] Node Version:  v12.11.1
[debug] [2019-10-11T07:41:33.397Z] Time:          Fri Oct 11 2019 10:41:33 GMT+0300 (GMT+03:00)
[debug] [2019-10-11T07:41:33.397Z] ----------------------------------------------------------------------
[debug] 
[debug] [2019-10-11T07:41:33.404Z] > command requires scopes: ["email","openid","https://www.googleapis.com/auth/cloudplatformprojects.readonly","https://www.googleapis.com/auth/firebase","https://www.googleapis.com/auth/cloud-platform"]
[debug] [2019-10-11T07:41:33.404Z] > authorizing via signed-in user
[info] 
     ######## #### ########  ######## ########     ###     ######  ########
     ##        ##  ##     ## ##       ##     ##  ##   ##  ##       ##
     ######    ##  ########  ######   ########  #########  ######  ######
     ##        ##  ##    ##  ##       ##     ## ##     ##       ## ##
     ##       #### ##     ## ######## ########  ##     ##  ######  ########

You're about to initialize a Firebase project in this directory:

  D:\Freelance\CetusMedia__Project

Before we get started, keep in mind:

  * You are initializing in an existing Firebase project directory

